Build started 2013-10-07 11:23:39.
     1>Project "M:\OOP\PhilipSandegren3\PhilipSandegren3\PhilipSandegren3.vcxproj" on node 6 (Rebuild target(s)).
     1>InitializeBuildStatus:
         Creating "Debug\PhilipSandegren_Multimedia.unsuccessfulbuild" because "AlwaysCreate" was specified.
       ClCompile:
         C:\Program Files (x86)\Microsoft Visual Studio 11.0\VC\bin\CL.exe /c /ZI /nologo /W3 /WX- /Od /Oy- /D WIN32 /D _DEBUG /D _CONSOLE /D _UNICODE /D UNICODE /Gm /EHsc /RTC1 /MDd /GS /fp:precise /Zc:wchar_t /Zc:forScope /Fo"Debug\\" /Fd"Debug\vc110.pdb" /Gd /TP /analyze- /errorReport:prompt Source.cpp
         Source.cpp
     1>m:\oop\philipsandegren3\philipsandegren3\multimedia.h(32): error C2143: syntax error : missing ';' before '<'
     1>m:\oop\philipsandegren3\philipsandegren3\multimedia.h(32): error C4430: missing type specifier - int assumed. Note: C++ does not support default-int
     1>m:\oop\philipsandegren3\philipsandegren3\multimedia.h(32): error C2238: unexpected token(s) preceding ';'
     1>m:\oop\philipsandegren3\philipsandegren3\multimedia.h(33): error C2143: syntax error : missing ';' before '<'
     1>m:\oop\philipsandegren3\philipsandegren3\multimedia.h(33): error C4430: missing type specifier - int assumed. Note: C++ does not support default-int
     1>m:\oop\philipsandegren3\philipsandegren3\multimedia.h(33): error C2238: unexpected token(s) preceding ';'
     1>m:\oop\philipsandegren3\philipsandegren3\multimedia.h(48): error C2143: syntax error : missing ';' before '<'
     1>m:\oop\philipsandegren3\philipsandegren3\multimedia.h(48): error C4430: missing type specifier - int assumed. Note: C++ does not support default-int
     1>m:\oop\philipsandegren3\philipsandegren3\multimedia.h(48): error C2238: unexpected token(s) preceding ';'
     1>Done Building Project "M:\OOP\PhilipSandegren3\PhilipSandegren3\PhilipSandegren3.vcxproj" (Rebuild target(s)) -- FAILED.

Build FAILED.

Time Elapsed 00:00:05.44
